# JRE version: OpenJDK Runtime Environment (11.0.10) (build 11.0.10+0-b96-7249189)
# Java VM: OpenJDK 64-Bit Server VM (11.0.10+0-b96-7249189, mixed mode, tiered, compressed oops, g1 gc, windows-amd64)
Heap:
 garbage-first heap   total 935936K, used 196718K [0x0000000080000000, 0x0000000100000000)
  region size 1024K, 3 young (3072K), 3 survivors (3072K)
 Metaspace       used 134017K, capacity 137528K, committed 137796K, reserved 1169408K
  class space    used 16248K, capacity 17502K, committed 17536K, reserved 1048576K
GC Heap History (20 events):
Event: 2464.961 GC heap after
{Heap after GC invocations=292 (full 0):
 garbage-first heap   total 481280K, used 176854K [0x0000000080000000, 0x0000000100000000)
  region size 1024K, 4 young (4096K), 4 survivors (4096K)
 Metaspace       used 132237K, capacity 135729K, committed 135876K, reserved 1167360K
  class space    used 16025K, capacity 17287K, committed 17408K, reserved 1048576K
}
Event: 2466.078 GC heap before
{Heap before GC invocations=292 (full 0):
 garbage-first heap   total 481280K, used 195286K [0x0000000080000000, 0x0000000100000000)
  region size 1024K, 23 young (23552K), 4 survivors (4096K)
 Metaspace       used 132258K, capacity 135729K, committed 135876K, reserved 1167360K
  class space    used 16026K, capacity 17287K, committed 17408K, reserved 1048576K
}
Event: 2466.335 GC heap after
{Heap after GC invocations=293 (full 0):
 garbage-first heap   total 481280K, used 177713K [0x0000000080000000, 0x0000000100000000)
  region size 1024K, 2 young (2048K), 2 survivors (2048K)
 Metaspace       used 132258K, capacity 135729K, committed 135876K, reserved 1167360K
  class space    used 16026K, capacity 17287K, committed 17408K, reserved 1048576K
}
Event: 2466.736 GC heap before
{Heap before GC invocations=293 (full 0):
 garbage-first heap   total 481280K, used 198193K [0x0000000080000000, 0x0000000100000000)
  region size 1024K, 23 young (23552K), 2 survivors (2048K)
 Metaspace       used 132409K, capacity 135857K, committed 136132K, reserved 1167360K
  class space    used 16039K, capacity 17287K, committed 17408K, reserved 1048576K
}
Event: 2467.072 GC heap after
{Heap after GC invocations=294 (full 0):
 garbage-first heap   total 481280K, used 179188K [0x0000000080000000, 0x0000000100000000)
  region size 1024K, 2 young (2048K), 2 survivors (2048K)
 Metaspace       used 132409K, capacity 135857K, committed 136132K, reserved 1167360K
  class space    used 16039K, capacity 17287K, committed 17408K, reserved 1048576K
}
Event: 2468.344 GC heap before
{Heap before GC invocations=294 (full 0):
 garbage-first heap   total 481280K, used 200692K [0x0000000080000000, 0x0000000100000000)
  region size 1024K, 23 young (23552K), 2 survivors (2048K)
 Metaspace       used 132439K, capacity 135921K, committed 136132K, reserved 1167360K
  class space    used 16041K, capacity 17287K, committed 17408K, reserved 1048576K
}
Event: 2468.353 GC heap after
{Heap after GC invocations=295 (full 0):
 garbage-first heap   total 481280K, used 179033K [0x0000000080000000, 0x0000000100000000)
  region size 1024K, 2 young (2048K), 2 survivors (2048K)
 Metaspace       used 132439K, capacity 135921K, committed 136132K, reserved 1167360K
  class space    used 16041K, capacity 17287K, committed 17408K, reserved 1048576K
}
Event: 2469.284 GC heap before
{Heap before GC invocations=295 (full 0):
 garbage-first heap   total 481280K, used 200537K [0x0000000080000000, 0x0000000100000000)
  region size 1024K, 24 young (24576K), 2 survivors (2048K)
 Metaspace       used 132439K, capacity 135921K, committed 136132K, reserved 1167360K
  class space    used 16041K, capacity 17287K, committed 17408K, reserved 1048576K
}
Event: 2469.303 GC heap after
{Heap after GC invocations=296 (full 0):
 garbage-first heap   total 481280K, used 178860K [0x0000000080000000, 0x0000000100000000)
  region size 1024K, 2 young (2048K), 2 survivors (2048K)
 Metaspace       used 132439K, capacity 135921K, committed 136132K, reserved 1167360K
  class space    used 16041K, capacity 17287K, committed 17408K, reserved 1048576K
}
Event: 2470.412 GC heap before
{Heap before GC invocations=296 (full 0):
 garbage-first heap   total 481280K, used 210604K [0x0000000080000000, 0x0000000100000000)
  region size 1024K, 27 young (27648K), 2 survivors (2048K)
 Metaspace       used 132539K, capacity 136017K, committed 136132K, reserved 1167360K
  class space    used 16055K, capacity 17297K, committed 17408K, reserved 1048576K
}
Event: 2470.471 GC heap after
{Heap after GC invocations=297 (full 0):
 garbage-first heap   total 481280K, used 183713K [0x0000000080000000, 0x0000000100000000)
  region size 1024K, 4 young (4096K), 4 survivors (4096K)
 Metaspace       used 132539K, capacity 136017K, committed 136132K, reserved 1167360K
  class space    used 16055K, capacity 17297K, committed 17408K, reserved 1048576K
}
Event: 2471.205 GC heap before
{Heap before GC invocations=297 (full 0):
 garbage-first heap   total 481280K, used 204193K [0x0000000080000000, 0x0000000100000000)
  region size 1024K, 25 young (25600K), 4 survivors (4096K)
 Metaspace       used 132788K, capacity 136254K, committed 136388K, reserved 1169408K
  class space    used 16090K, capacity 17333K, committed 17408K, reserved 1048576K
}
Event: 2471.602 GC heap after
{Heap after GC invocations=298 (full 0):
 garbage-first heap   total 481280K, used 188424K [0x0000000080000000, 0x0000000100000000)
  region size 1024K, 4 young (4096K), 4 survivors (4096K)
 Metaspace       used 132788K, capacity 136254K, committed 136388K, reserved 1169408K
  class space    used 16090K, capacity 17333K, committed 17408K, reserved 1048576K
}
Event: 2472.628 GC heap before
{Heap before GC invocations=298 (full 0):
 garbage-first heap   total 481280K, used 206856K [0x0000000080000000, 0x0000000100000000)
  region size 1024K, 23 young (23552K), 4 survivors (4096K)
 Metaspace       used 132949K, capacity 136446K, committed 136644K, reserved 1169408K
  class space    used 16113K, capacity 17375K, committed 17408K, reserved 1048576K
}
Event: 2472.985 GC heap after
{Heap after GC invocations=299 (full 0):
 garbage-first heap   total 481280K, used 190203K [0x0000000080000000, 0x0000000100000000)
  region size 1024K, 3 young (3072K), 3 survivors (3072K)
 Metaspace       used 132949K, capacity 136446K, committed 136644K, reserved 1169408K
  class space    used 16113K, capacity 17375K, committed 17408K, reserved 1048576K
}
Event: 2474.288 GC heap before
{Heap before GC invocations=299 (full 0):
 garbage-first heap   total 481280K, used 209659K [0x0000000080000000, 0x0000000100000000)
  region size 1024K, 23 young (23552K), 3 survivors (3072K)
 Metaspace       used 133164K, capacity 136605K, committed 136644K, reserved 1169408K
  class space    used 16141K, capacity 17386K, committed 17408K, reserved 1048576K
}
Event: 2474.464 GC heap after
{Heap after GC invocations=300 (full 0):
 garbage-first heap   total 481280K, used 191948K [0x0000000080000000, 0x0000000100000000)
  region size 1024K, 3 young (3072K), 3 survivors (3072K)
 Metaspace       used 133164K, capacity 136605K, committed 136644K, reserved 1169408K
  class space    used 16141K, capacity 17386K, committed 17408K, reserved 1048576K
}
Event: 2475.759 GC heap before
{Heap before GC invocations=300 (full 0):
 garbage-first heap   total 481280K, used 211404K [0x0000000080000000, 0x0000000100000000)
  region size 1024K, 23 young (23552K), 3 survivors (3072K)
 Metaspace       used 133579K, capacity 137085K, committed 137284K, reserved 1169408K
  class space    used 16205K, capacity 17462K, committed 17536K, reserved 1048576K
}
Event: 2476.127 GC heap after
{Heap after GC invocations=301 (full 0):
 garbage-first heap   total 481280K, used 194177K [0x0000000080000000, 0x0000000100000000)
  region size 1024K, 3 young (3072K), 3 survivors (3072K)
 Metaspace       used 133579K, capacity 137085K, committed 137284K, reserved 1169408K
  class space    used 16205K, capacity 17462K, committed 17536K, reserved 1048576K
}
Event: 2477.151 GC heap before
{Heap before GC invocations=301 (full 0):
 garbage-first heap   total 481280K, used 214657K [0x0000000080000000, 0x0000000100000000)
  region size 1024K, 23 young (23552K), 3 survivors (3072K)
 Metaspace       used 134017K, capacity 137528K, committed 137796K, reserved 1169408K
  class space    used 16248K, capacity 17502K, committed 17536K, reserved 1048576K
}

