# JRE version: OpenJDK Runtime Environment (11.0.8+10) (build 11.0.8+10-b944.6842174)
# Java VM: OpenJDK 64-Bit Server VM (11.0.8+10-b944.6842174, mixed mode, tiered, compressed oops, g1 gc, windows-amd64)
Heap:
 garbage-first heap   total 1085440K, used 140650K [0x0000000080000000, 0x0000000100000000)
  region size 1024K, 3 young (3072K), 3 survivors (3072K)
 Metaspace       used 104771K, capacity 107690K, committed 107776K, reserved 1142784K
  class space    used 13287K, capacity 14307K, committed 14336K, reserved 1048576K
GC Heap History (20 events):
Event: 799.574 GC heap after
{Heap after GC invocations=98 (full 0):
 garbage-first heap   total 409600K, used 122693K [0x0000000080000000, 0x0000000100000000)
  region size 1024K, 3 young (3072K), 3 survivors (3072K)
 Metaspace       used 103539K, capacity 106405K, committed 106624K, reserved 1142784K
  class space    used 13200K, capacity 14181K, committed 14208K, reserved 1048576K
}
Event: 803.217 GC heap before
{Heap before GC invocations=98 (full 0):
 garbage-first heap   total 409600K, used 139077K [0x0000000080000000, 0x0000000100000000)
  region size 1024K, 20 young (20480K), 3 survivors (3072K)
 Metaspace       used 103802K, capacity 106660K, committed 107008K, reserved 1142784K
  class space    used 13224K, capacity 14219K, committed 14336K, reserved 1048576K
}
Event: 803.736 GC heap after
{Heap after GC invocations=99 (full 0):
 garbage-first heap   total 409600K, used 123770K [0x0000000080000000, 0x0000000100000000)
  region size 1024K, 1 young (1024K), 1 survivors (1024K)
 Metaspace       used 103802K, capacity 106660K, committed 107008K, reserved 1142784K
  class space    used 13224K, capacity 14219K, committed 14336K, reserved 1048576K
}
Event: 804.472 GC heap before
{Heap before GC invocations=99 (full 0):
 garbage-first heap   total 409600K, used 143226K [0x0000000080000000, 0x0000000100000000)
  region size 1024K, 20 young (20480K), 1 survivors (1024K)
 Metaspace       used 103950K, capacity 106852K, committed 107008K, reserved 1142784K
  class space    used 13224K, capacity 14219K, committed 14336K, reserved 1048576K
}
Event: 804.484 GC heap after
{Heap after GC invocations=100 (full 0):
 garbage-first heap   total 409600K, used 123849K [0x0000000080000000, 0x0000000100000000)
  region size 1024K, 1 young (1024K), 1 survivors (1024K)
 Metaspace       used 103950K, capacity 106852K, committed 107008K, reserved 1142784K
  class space    used 13224K, capacity 14219K, committed 14336K, reserved 1048576K
}
Event: 807.704 GC heap before
{Heap before GC invocations=100 (full 0):
 garbage-first heap   total 409600K, used 143305K [0x0000000080000000, 0x0000000100000000)
  region size 1024K, 20 young (20480K), 1 survivors (1024K)
 Metaspace       used 104007K, capacity 106852K, committed 107008K, reserved 1142784K
  class space    used 13224K, capacity 14219K, committed 14336K, reserved 1048576K
}
Event: 807.710 GC heap after
{Heap after GC invocations=101 (full 0):
 garbage-first heap   total 409600K, used 124307K [0x0000000080000000, 0x0000000100000000)
  region size 1024K, 2 young (2048K), 2 survivors (2048K)
 Metaspace       used 104007K, capacity 106852K, committed 107008K, reserved 1142784K
  class space    used 13224K, capacity 14219K, committed 14336K, reserved 1048576K
}
Event: 808.343 GC heap before
{Heap before GC invocations=101 (full 0):
 garbage-first heap   total 409600K, used 142739K [0x0000000080000000, 0x0000000100000000)
  region size 1024K, 20 young (20480K), 2 survivors (2048K)
 Metaspace       used 104089K, capacity 106983K, committed 107264K, reserved 1142784K
  class space    used 13224K, capacity 14219K, committed 14336K, reserved 1048576K
}
Event: 808.418 GC heap after
{Heap after GC invocations=102 (full 0):
 garbage-first heap   total 409600K, used 126096K [0x0000000080000000, 0x0000000100000000)
  region size 1024K, 3 young (3072K), 3 survivors (3072K)
 Metaspace       used 104089K, capacity 106983K, committed 107264K, reserved 1142784K
  class space    used 13224K, capacity 14219K, committed 14336K, reserved 1048576K
}
Event: 808.904 GC heap before
{Heap before GC invocations=102 (full 0):
 garbage-first heap   total 409600K, used 143504K [0x0000000080000000, 0x0000000100000000)
  region size 1024K, 20 young (20480K), 3 survivors (3072K)
 Metaspace       used 104130K, capacity 106983K, committed 107264K, reserved 1142784K
  class space    used 13224K, capacity 14219K, committed 14336K, reserved 1048576K
}
Event: 810.067 GC heap after
{Heap after GC invocations=103 (full 0):
 garbage-first heap   total 409600K, used 127359K [0x0000000080000000, 0x0000000100000000)
  region size 1024K, 2 young (2048K), 2 survivors (2048K)
 Metaspace       used 104130K, capacity 106983K, committed 107264K, reserved 1142784K
  class space    used 13224K, capacity 14219K, committed 14336K, reserved 1048576K
}
Event: 811.478 GC heap before
{Heap before GC invocations=103 (full 0):
 garbage-first heap   total 409600K, used 144767K [0x0000000080000000, 0x0000000100000000)
  region size 1024K, 20 young (20480K), 2 survivors (2048K)
 Metaspace       used 104158K, capacity 107047K, committed 107264K, reserved 1142784K
  class space    used 13224K, capacity 14219K, committed 14336K, reserved 1048576K
}
Event: 811.535 GC heap after
{Heap after GC invocations=104 (full 0):
 garbage-first heap   total 409600K, used 129784K [0x0000000080000000, 0x0000000100000000)
  region size 1024K, 3 young (3072K), 3 survivors (3072K)
 Metaspace       used 104158K, capacity 107047K, committed 107264K, reserved 1142784K
  class space    used 13224K, capacity 14219K, committed 14336K, reserved 1048576K
}
Event: 812.082 GC heap before
{Heap before GC invocations=104 (full 0):
 garbage-first heap   total 409600K, used 147192K [0x0000000080000000, 0x0000000100000000)
  region size 1024K, 20 young (20480K), 3 survivors (3072K)
 Metaspace       used 104176K, capacity 107047K, committed 107264K, reserved 1142784K
  class space    used 13224K, capacity 14219K, committed 14336K, reserved 1048576K
}
Event: 812.871 GC heap after
{Heap after GC invocations=105 (full 0):
 garbage-first heap   total 409600K, used 132273K [0x0000000080000000, 0x0000000100000000)
  region size 1024K, 3 young (3072K), 3 survivors (3072K)
 Metaspace       used 104176K, capacity 107047K, committed 107264K, reserved 1142784K
  class space    used 13224K, capacity 14219K, committed 14336K, reserved 1048576K
}
Event: 814.202 GC heap before
{Heap before GC invocations=105 (full 0):
 garbage-first heap   total 409600K, used 148657K [0x0000000080000000, 0x0000000100000000)
  region size 1024K, 20 young (20480K), 3 survivors (3072K)
 Metaspace       used 104178K, capacity 107047K, committed 107264K, reserved 1142784K
  class space    used 13224K, capacity 14219K, committed 14336K, reserved 1048576K
}
Event: 814.828 GC heap after
{Heap after GC invocations=106 (full 0):
 garbage-first heap   total 409600K, used 134677K [0x0000000080000000, 0x0000000100000000)
  region size 1024K, 3 young (3072K), 3 survivors (3072K)
 Metaspace       used 104178K, capacity 107047K, committed 107264K, reserved 1142784K
  class space    used 13224K, capacity 14219K, committed 14336K, reserved 1048576K
}
Event: 818.424 GC heap before
{Heap before GC invocations=106 (full 0):
 garbage-first heap   total 409600K, used 152085K [0x0000000080000000, 0x0000000100000000)
  region size 1024K, 20 young (20480K), 3 survivors (3072K)
 Metaspace       used 104513K, capacity 107402K, committed 107520K, reserved 1142784K
  class space    used 13259K, capacity 14236K, committed 14336K, reserved 1048576K
}
Event: 819.555 GC heap after
{Heap after GC invocations=107 (full 0):
 garbage-first heap   total 409600K, used 138443K [0x0000000080000000, 0x0000000100000000)
  region size 1024K, 3 young (3072K), 3 survivors (3072K)
 Metaspace       used 104513K, capacity 107402K, committed 107520K, reserved 1142784K
  class space    used 13259K, capacity 14236K, committed 14336K, reserved 1048576K
}
Event: 822.540 GC heap before
{Heap before GC invocations=107 (full 0):
 garbage-first heap   total 409600K, used 157899K [0x0000000080000000, 0x0000000100000000)
  region size 1024K, 20 young (20480K), 3 survivors (3072K)
 Metaspace       used 104771K, capacity 107690K, committed 107776K, reserved 1142784K
  class space    used 13287K, capacity 14307K, committed 14336K, reserved 1048576K
}

