# JRE version: OpenJDK Runtime Environment (11.0.10) (build 11.0.10+0-b96-7249189)
# Java VM: OpenJDK 64-Bit Server VM (11.0.10+0-b96-7249189, mixed mode, tiered, compressed oops, g1 gc, windows-amd64)
Heap:
 garbage-first heap   total 1130496K, used 174124K [0x0000000080000000, 0x0000000100000000)
  region size 1024K, 3 young (3072K), 3 survivors (3072K)
 Metaspace       used 119940K, capacity 123468K, committed 123724K, reserved 1157120K
  class space    used 14943K, capacity 16200K, committed 16256K, reserved 1048576K
GC Heap History (20 events):
Event: 676.875 GC heap after
{Heap after GC invocations=94 (full 0):
 garbage-first heap   total 491520K, used 140800K [0x0000000080000000, 0x0000000100000000)
  region size 1024K, 3 young (3072K), 3 survivors (3072K)
 Metaspace       used 117691K, capacity 121150K, committed 121292K, reserved 1155072K
  class space    used 14799K, capacity 16065K, committed 16128K, reserved 1048576K
}
Event: 677.475 GC heap before
{Heap before GC invocations=94 (full 0):
 garbage-first heap   total 491520K, used 162304K [0x0000000080000000, 0x0000000100000000)
  region size 1024K, 24 young (24576K), 3 survivors (3072K)
 Metaspace       used 117800K, capacity 121214K, committed 121292K, reserved 1155072K
  class space    used 14799K, capacity 16065K, committed 16128K, reserved 1048576K
}
Event: 678.235 GC heap after
{Heap after GC invocations=95 (full 0):
 garbage-first heap   total 491520K, used 144384K [0x0000000080000000, 0x0000000100000000)
  region size 1024K, 3 young (3072K), 3 survivors (3072K)
 Metaspace       used 117800K, capacity 121214K, committed 121292K, reserved 1155072K
  class space    used 14799K, capacity 16065K, committed 16128K, reserved 1048576K
}
Event: 680.265 GC heap before
{Heap before GC invocations=95 (full 0):
 garbage-first heap   total 491520K, used 164864K [0x0000000080000000, 0x0000000100000000)
  region size 1024K, 24 young (24576K), 3 survivors (3072K)
 Metaspace       used 117874K, capacity 121342K, committed 121548K, reserved 1155072K
  class space    used 14799K, capacity 16065K, committed 16128K, reserved 1048576K
}
Event: 681.822 GC heap after
{Heap after GC invocations=96 (full 0):
 garbage-first heap   total 491520K, used 149902K [0x0000000080000000, 0x0000000100000000)
  region size 1024K, 3 young (3072K), 3 survivors (3072K)
 Metaspace       used 117874K, capacity 121342K, committed 121548K, reserved 1155072K
  class space    used 14799K, capacity 16065K, committed 16128K, reserved 1048576K
}
Event: 682.588 GC heap before
{Heap before GC invocations=96 (full 0):
 garbage-first heap   total 491520K, used 174478K [0x0000000080000000, 0x0000000100000000)
  region size 1024K, 24 young (24576K), 3 survivors (3072K)
 Metaspace       used 117894K, capacity 121406K, committed 121548K, reserved 1155072K
  class space    used 14799K, capacity 16065K, committed 16128K, reserved 1048576K
}
Event: 684.115 GC heap after
{Heap after GC invocations=97 (full 0):
 garbage-first heap   total 491520K, used 159744K [0x0000000080000000, 0x0000000100000000)
  region size 1024K, 3 young (3072K), 3 survivors (3072K)
 Metaspace       used 117894K, capacity 121406K, committed 121548K, reserved 1155072K
  class space    used 14799K, capacity 16065K, committed 16128K, reserved 1048576K
}
Event: 684.790 GC heap before
{Heap before GC invocations=97 (full 0):
 garbage-first heap   total 491520K, used 181248K [0x0000000080000000, 0x0000000100000000)
  region size 1024K, 24 young (24576K), 3 survivors (3072K)
 Metaspace       used 118321K, capacity 121849K, committed 122060K, reserved 1155072K
  class space    used 14833K, capacity 16086K, committed 16128K, reserved 1048576K
}
Event: 685.491 GC heap after
{Heap after GC invocations=98 (full 0):
 garbage-first heap   total 491520K, used 164499K [0x0000000080000000, 0x0000000100000000)
  region size 1024K, 3 young (3072K), 3 survivors (3072K)
 Metaspace       used 118321K, capacity 121849K, committed 122060K, reserved 1155072K
  class space    used 14833K, capacity 16086K, committed 16128K, reserved 1048576K
}
Event: 687.860 GC heap before
{Heap before GC invocations=98 (full 0):
 garbage-first heap   total 491520K, used 193171K [0x0000000080000000, 0x0000000100000000)
  region size 1024K, 24 young (24576K), 3 survivors (3072K)
 Metaspace       used 118478K, capacity 122009K, committed 122060K, reserved 1155072K
  class space    used 14842K, capacity 16118K, committed 16128K, reserved 1048576K
}
Event: 688.845 GC heap after
{Heap after GC invocations=99 (full 0):
 garbage-first heap   total 491520K, used 167936K [0x0000000080000000, 0x0000000100000000)
  region size 1024K, 3 young (3072K), 3 survivors (3072K)
 Metaspace       used 118478K, capacity 122009K, committed 122060K, reserved 1155072K
  class space    used 14842K, capacity 16118K, committed 16128K, reserved 1048576K
}
Event: 689.469 GC heap before
{Heap before GC invocations=99 (full 0):
 garbage-first heap   total 491520K, used 189440K [0x0000000080000000, 0x0000000100000000)
  region size 1024K, 24 young (24576K), 3 survivors (3072K)
 Metaspace       used 118533K, capacity 122013K, committed 122060K, reserved 1155072K
  class space    used 14844K, capacity 16119K, committed 16128K, reserved 1048576K
}
Event: 690.461 GC heap after
{Heap after GC invocations=100 (full 0):
 garbage-first heap   total 491520K, used 169637K [0x0000000080000000, 0x0000000100000000)
  region size 1024K, 2 young (2048K), 2 survivors (2048K)
 Metaspace       used 118533K, capacity 122013K, committed 122060K, reserved 1155072K
  class space    used 14844K, capacity 16119K, committed 16128K, reserved 1048576K
}
Event: 692.772 GC heap before
{Heap before GC invocations=100 (full 0):
 garbage-first heap   total 491520K, used 192165K [0x0000000080000000, 0x0000000100000000)
  region size 1024K, 24 young (24576K), 2 survivors (2048K)
 Metaspace       used 118538K, capacity 122013K, committed 122060K, reserved 1155072K
  class space    used 14844K, capacity 16119K, committed 16128K, reserved 1048576K
}
Event: 693.418 GC heap after
{Heap after GC invocations=101 (full 0):
 garbage-first heap   total 491520K, used 169816K [0x0000000080000000, 0x0000000100000000)
  region size 1024K, 1 young (1024K), 1 survivors (1024K)
 Metaspace       used 118538K, capacity 122013K, committed 122060K, reserved 1155072K
  class space    used 14844K, capacity 16119K, committed 16128K, reserved 1048576K
}
Event: 693.539 GC heap before
{Heap before GC invocations=101 (full 0):
 garbage-first heap   total 491520K, used 193368K [0x0000000080000000, 0x0000000100000000)
  region size 1024K, 24 young (24576K), 1 survivors (1024K)
 Metaspace       used 118540K, capacity 122013K, committed 122060K, reserved 1155072K
  class space    used 14844K, capacity 16119K, committed 16128K, reserved 1048576K
}
Event: 693.541 GC heap after
{Heap after GC invocations=102 (full 0):
 garbage-first heap   total 491520K, used 169602K [0x0000000080000000, 0x0000000100000000)
  region size 1024K, 1 young (1024K), 1 survivors (1024K)
 Metaspace       used 118540K, capacity 122013K, committed 122060K, reserved 1155072K
  class space    used 14844K, capacity 16119K, committed 16128K, reserved 1048576K
}
Event: 698.783 GC heap before
{Heap before GC invocations=102 (full 0):
 garbage-first heap   total 491520K, used 207490K [0x0000000080000000, 0x0000000100000000)
  region size 1024K, 24 young (24576K), 1 survivors (1024K)
 Metaspace       used 118815K, capacity 122274K, committed 122444K, reserved 1155072K
  class space    used 14866K, capacity 16132K, committed 16256K, reserved 1048576K
}
Event: 698.993 GC heap after
{Heap after GC invocations=103 (full 0):
 garbage-first heap   total 491520K, used 170398K [0x0000000080000000, 0x0000000100000000)
  region size 1024K, 1 young (1024K), 1 survivors (1024K)
 Metaspace       used 118815K, capacity 122274K, committed 122444K, reserved 1155072K
  class space    used 14866K, capacity 16132K, committed 16256K, reserved 1048576K
}
Event: 701.390 GC heap before
{Heap before GC invocations=103 (full 0):
 garbage-first heap   total 491520K, used 193950K [0x0000000080000000, 0x0000000100000000)
  region size 1024K, 24 young (24576K), 1 survivors (1024K)
 Metaspace       used 119940K, capacity 123468K, committed 123724K, reserved 1157120K
  class space    used 14943K, capacity 16200K, committed 16256K, reserved 1048576K
}

