# JRE version: OpenJDK Runtime Environment (11.0.8+10) (build 11.0.8+10-b944.6842174)
# Java VM: OpenJDK 64-Bit Server VM (11.0.8+10-b944.6842174, mixed mode, tiered, compressed oops, g1 gc, windows-amd64)
Heap:
 garbage-first heap   total 664576K, used 127778K [0x0000000080000000, 0x0000000100000000)
  region size 1024K, 1 young (1024K), 1 survivors (1024K)
 Metaspace       used 111225K, capacity 114505K, committed 114884K, reserved 1148928K
  class space    used 13939K, capacity 15080K, committed 15204K, reserved 1048576K
GC Heap History (20 events):
Event: 806.608 GC heap after
{Heap after GC invocations=73 (full 0):
 garbage-first heap   total 334848K, used 116723K [0x0000000080000000, 0x0000000100000000)
  region size 1024K, 1 young (1024K), 1 survivors (1024K)
 Metaspace       used 103289K, capacity 106210K, committed 106436K, reserved 1142784K
  class space    used 13109K, capacity 14146K, committed 14180K, reserved 1048576K
}
Event: 812.738 GC heap before
{Heap before GC invocations=73 (full 0):
 garbage-first heap   total 334848K, used 131059K [0x0000000080000000, 0x0000000100000000)
  region size 1024K, 16 young (16384K), 1 survivors (1024K)
 Metaspace       used 105798K, capacity 108765K, committed 108996K, reserved 1144832K
  class space    used 13356K, capacity 14376K, committed 14436K, reserved 1048576K
}
Event: 812.756 GC heap after
{Heap after GC invocations=74 (full 0):
 garbage-first heap   total 334848K, used 117702K [0x0000000080000000, 0x0000000100000000)
  region size 1024K, 2 young (2048K), 2 survivors (2048K)
 Metaspace       used 105798K, capacity 108765K, committed 108996K, reserved 1144832K
  class space    used 13356K, capacity 14376K, committed 14436K, reserved 1048576K
}
Event: 816.927 GC heap before
{Heap before GC invocations=75 (full 0):
 garbage-first heap   total 334848K, used 132038K [0x0000000080000000, 0x0000000100000000)
  region size 1024K, 16 young (16384K), 2 survivors (2048K)
 Metaspace       used 106308K, capacity 109425K, committed 109636K, reserved 1144832K
  class space    used 13404K, capacity 14528K, committed 14564K, reserved 1048576K
}
Event: 817.382 GC heap after
{Heap after GC invocations=76 (full 0):
 garbage-first heap   total 334848K, used 119107K [0x0000000080000000, 0x0000000100000000)
  region size 1024K, 2 young (2048K), 2 survivors (2048K)
 Metaspace       used 106308K, capacity 109425K, committed 109636K, reserved 1144832K
  class space    used 13404K, capacity 14528K, committed 14564K, reserved 1048576K
}
Event: 818.515 GC heap before
{Heap before GC invocations=76 (full 0):
 garbage-first heap   total 334848K, used 133443K [0x0000000080000000, 0x0000000100000000)
  region size 1024K, 16 young (16384K), 2 survivors (2048K)
 Metaspace       used 106388K, capacity 109510K, committed 109636K, reserved 1144832K
  class space    used 13405K, capacity 14531K, committed 14564K, reserved 1048576K
}
Event: 819.080 GC heap after
{Heap after GC invocations=77 (full 0):
 garbage-first heap   total 334848K, used 120500K [0x0000000080000000, 0x0000000100000000)
  region size 1024K, 2 young (2048K), 2 survivors (2048K)
 Metaspace       used 106388K, capacity 109510K, committed 109636K, reserved 1144832K
  class space    used 13405K, capacity 14531K, committed 14564K, reserved 1048576K
}
Event: 825.412 GC heap before
{Heap before GC invocations=77 (full 0):
 garbage-first heap   total 334848K, used 133812K [0x0000000080000000, 0x0000000100000000)
  region size 1024K, 16 young (16384K), 2 survivors (2048K)
 Metaspace       used 108895K, capacity 112101K, committed 112324K, reserved 1146880K
  class space    used 13704K, capacity 14832K, committed 14948K, reserved 1048576K
}
Event: 825.863 GC heap after
{Heap after GC invocations=78 (full 0):
 garbage-first heap   total 334848K, used 122703K [0x0000000080000000, 0x0000000100000000)
  region size 1024K, 2 young (2048K), 2 survivors (2048K)
 Metaspace       used 108895K, capacity 112101K, committed 112324K, reserved 1146880K
  class space    used 13704K, capacity 14832K, committed 14948K, reserved 1048576K
}
Event: 830.553 GC heap before
{Heap before GC invocations=78 (full 0):
 garbage-first heap   total 334848K, used 136015K [0x0000000080000000, 0x0000000100000000)
  region size 1024K, 16 young (16384K), 2 survivors (2048K)
 Metaspace       used 110162K, capacity 113357K, committed 113476K, reserved 1148928K
  class space    used 13837K, capacity 14973K, committed 15076K, reserved 1048576K
}
Event: 830.901 GC heap after
{Heap after GC invocations=79 (full 0):
 garbage-first heap   total 334848K, used 124039K [0x0000000080000000, 0x0000000100000000)
  region size 1024K, 2 young (2048K), 2 survivors (2048K)
 Metaspace       used 110162K, capacity 113357K, committed 113476K, reserved 1148928K
  class space    used 13837K, capacity 14973K, committed 15076K, reserved 1048576K
}
Event: 832.103 GC heap before
{Heap before GC invocations=79 (full 0):
 garbage-first heap   total 334848K, used 137351K [0x0000000080000000, 0x0000000100000000)
  region size 1024K, 17 young (17408K), 2 survivors (2048K)
 Metaspace       used 110255K, capacity 113430K, committed 113732K, reserved 1148928K
  class space    used 13840K, capacity 14976K, committed 15076K, reserved 1048576K
}
Event: 832.413 GC heap after
{Heap after GC invocations=80 (full 0):
 garbage-first heap   total 334848K, used 124964K [0x0000000080000000, 0x0000000100000000)
  region size 1024K, 1 young (1024K), 1 survivors (1024K)
 Metaspace       used 110255K, capacity 113430K, committed 113732K, reserved 1148928K
  class space    used 13840K, capacity 14976K, committed 15076K, reserved 1048576K
}
Event: 838.268 GC heap before
{Heap before GC invocations=80 (full 0):
 garbage-first heap   total 334848K, used 140324K [0x0000000080000000, 0x0000000100000000)
  region size 1024K, 16 young (16384K), 1 survivors (1024K)
 Metaspace       used 110609K, capacity 113815K, committed 113988K, reserved 1148928K
  class space    used 13905K, capacity 15045K, committed 15076K, reserved 1048576K
}
Event: 838.537 GC heap after
{Heap after GC invocations=81 (full 0):
 garbage-first heap   total 334848K, used 126708K [0x0000000080000000, 0x0000000100000000)
  region size 1024K, 2 young (2048K), 2 survivors (2048K)
 Metaspace       used 110609K, capacity 113815K, committed 113988K, reserved 1148928K
  class space    used 13905K, capacity 15045K, committed 15076K, reserved 1048576K
}
Event: 840.339 GC heap before
{Heap before GC invocations=81 (full 0):
 garbage-first heap   total 334848K, used 140020K [0x0000000080000000, 0x0000000100000000)
  region size 1024K, 16 young (16384K), 2 survivors (2048K)
 Metaspace       used 111123K, capacity 114359K, committed 114628K, reserved 1148928K
  class space    used 13936K, capacity 15077K, committed 15204K, reserved 1048576K
}
Event: 841.308 GC heap after
{Heap after GC invocations=82 (full 0):
 garbage-first heap   total 334848K, used 127493K [0x0000000080000000, 0x0000000100000000)
  region size 1024K, 1 young (1024K), 1 survivors (1024K)
 Metaspace       used 111123K, capacity 114359K, committed 114628K, reserved 1148928K
  class space    used 13936K, capacity 15077K, committed 15204K, reserved 1048576K
}
Event: 844.060 GC heap before
{Heap before GC invocations=82 (full 0):
 garbage-first heap   total 334848K, used 141829K [0x0000000080000000, 0x0000000100000000)
  region size 1024K, 16 young (16384K), 1 survivors (1024K)
 Metaspace       used 111198K, capacity 114423K, committed 114628K, reserved 1148928K
  class space    used 13937K, capacity 15077K, committed 15204K, reserved 1048576K
}
Event: 844.064 GC heap after
{Heap after GC invocations=83 (full 0):
 garbage-first heap   total 334848K, used 127325K [0x0000000080000000, 0x0000000100000000)
  region size 1024K, 1 young (1024K), 1 survivors (1024K)
 Metaspace       used 111198K, capacity 114423K, committed 114628K, reserved 1148928K
  class space    used 13937K, capacity 15077K, committed 15204K, reserved 1048576K
}
Event: 845.860 GC heap before
{Heap before GC invocations=83 (full 0):
 garbage-first heap   total 334848K, used 141661K [0x0000000080000000, 0x0000000100000000)
  region size 1024K, 16 young (16384K), 1 survivors (1024K)
 Metaspace       used 111225K, capacity 114505K, committed 114884K, reserved 1148928K
  class space    used 13939K, capacity 15080K, committed 15204K, reserved 1048576K
}

